02class.c.c:86:11: warning: duplicate 'short' declaration specifier [-Wduplicate-decl-specifier]
   86 |     short short* p;
      |           ^~~~~
02class.c.c:980:63: warning: duplicate 'short' declaration specifier [-Wduplicate-decl-specifier]
  980 | struct buffer* buffer_append_short(struct buffer* self, short short value);
      |                                                               ^~~~~
02class.c.c:1010:26: warning: duplicate 'short' declaration specifier [-Wduplicate-decl-specifier]
 1010 | _Bool short_equals(short short self, short short right);
      |                          ^~~~~
02class.c.c:1010:44: warning: duplicate 'short' declaration specifier [-Wduplicate-decl-specifier]
 1010 | _Bool short_equals(short short self, short short right);
      |                                            ^~~~~
02class.c.c:1044:39: warning: duplicate 'short' declaration specifier [-Wduplicate-decl-specifier]
 1044 | unsigned int short_get_hash_key(short short value);
      |                                       ^~~~~
02class.c.c:1064:29: warning: duplicate 'short' declaration specifier [-Wduplicate-decl-specifier]
 1064 | short int short_clone(short short self);
      |                             ^~~~~
02class.c.c:1140:29: warning: duplicate 'short' declaration specifier [-Wduplicate-decl-specifier]
 1140 | char* short_to_string(short short self);
      |                             ^~~~~
02class.c.c:1160:25: warning: duplicate 'short' declaration specifier [-Wduplicate-decl-specifier]
 1160 | int short_compare(short short left, short short right);
      |                         ^~~~~
02class.c.c:1160:43: warning: duplicate 'short' declaration specifier [-Wduplicate-decl-specifier]
 1160 | int short_compare(short short left, short short right);
      |                                           ^~~~~
02class.c.c:1214:40: warning: duplicate 'short' declaration specifier [-Wduplicate-decl-specifier]
 1214 | struct integer* short_to_integer(short short self);
      |                                        ^~~~~
/usr/local/include/comelang2.h:1957:54: warning: duplicate 'short' declaration specifier [-Wduplicate-decl-specifier]
 1957 | static inline struct buffer* shortpa_to_buffer(short short* self, unsigned long int len){
      |                                                      ^~~~~
/usr/local/include/comelang2.h:1958:53: warning: duplicate 'short' declaration specifier [-Wduplicate-decl-specifier]
 1958 |     buffer_append(result_1,(char*)self,sizeof(short short)*len);
      |                                                     ^~~~~
/usr/local/include/comelang2.h:2023:24: warning: duplicate 'short' declaration specifier [-Wduplicate-decl-specifier]
 2023 |     result_8->p=(short short*)result_8->memory->buf;
      |                        ^~~~~
/usr/local/include/comelang2.h:2213:69: warning: duplicate 'short' declaration specifier [-Wduplicate-decl-specifier]
 2213 | static inline struct smart_pointer$1short* shortpa_to_pointer(short short* self, unsigned long int len){
      |                                                                     ^~~~~
/usr/local/include/comelang2.h:2213:387: warning: duplicate 'short' declaration specifier [-Wduplicate-decl-specifier]
 2213 |     __result16__ = __result_obj__ = ((struct smart_pointer$1short*)(right_value29=smart_pointer$1short_initialize((struct smart_pointer$1short*)come_increment_ref_count(((struct smart_pointer$1short*)(right_value26=(struct smart_pointer$1short*)come_calloc(1, sizeof(struct smart_pointer$1short)*(1), "/usr/local/include/comelang2.h", 2213, "smart_pointer$1short")))),self,sizeof(short short)*len)));
      |                                                                                                                                                                                                                                                                                                                                                                                                   ^~~~~
/usr/local/include/comelang2.h:2265:54: warning: duplicate 'short' declaration specifier [-Wduplicate-decl-specifier]
 2265 | static inline unsigned long int shortpa_length(short short* self, unsigned long int len){
      |                                                      ^~~~~
/usr/local/include/comelang2.h:2054:56: warning: duplicate 'short' declaration specifier [-Wduplicate-decl-specifier]
 2054 |         buffer_append(self->memory,memory,sizeof(short short)*size);
      |                                                        ^~~~~
/usr/local/include/comelang2.h:2056:24: warning: duplicate 'short' declaration specifier [-Wduplicate-decl-specifier]
 2056 |         self->p=(short short*)self->memory->buf;
      |                        ^~~~~
02class.c:43:6: warning: expression result unused [-Wunused-value]
   43 |     ((struct sClass*)(right_value62=map$2charphsClassphp_operator_store_element(info->classes,(char*)come_increment_ref_count(((char*)(right_value55=__builtin_string(self->name)))),(struct sClass*)come_increment_ref_count(klass_29))));
      |      ^               ~~~~~~~~~~~~~~~~~~~~~~~~~~~~~~~~~~~~~~~~~~~~~~~~~~~~~~~~~~~~~~~~~~~~~~~~~~~~~~~~~~~~~~~~~~~~~~~~~~~~~~~~~~~~~~~~~~~~~~~~~~~~~~~~~~~~~~~~~~~~~~~~~~~~~~~~~~~~~~~~~~~~~~~~~~~~~~~~~~~~~~~~~~~~~~~~~~~~~~~~~~~~~~~~~~~~
02class.c:122:10: warning: expression result unused [-Wunused-value]
  122 |         ((struct sMethod*)(right_value75=map$2charphsMethodphp_operator_store_element(info->current_class->mMethods,(char*)come_increment_ref_count(((char*)(right_value71=__builtin_string(self->name)))),(struct sMethod*)come_increment_ref_count(method_87))));
      |          ^                ~~~~~~~~~~~~~~~~~~~~~~~~~~~~~~~~~~~~~~~~~~~~~~~~~~~~~~~~~~~~~~~~~~~~~~~~~~~~~~~~~~~~~~~~~~~~~~~~~~~~~~~~~~~~~~~~~~~~~~~~~~~~~~~~~~~~~~~~~~~~~~~~~~~~~~~~~~~~~~~~~~~~~~~~~~~~~~~~~~~~~~~~~~~~~~~~~~~~~~~~~~~~~~~~~~~~~~~~~~~~~~~~~~~~~~~
02class.c:125:10: warning: expression result unused [-Wunused-value]
  125 |         ((struct sMethod*)(right_value77=map$2charphsMethodphp_operator_store_element(info->methods,(char*)come_increment_ref_count(((char*)(right_value76=__builtin_string(self->name)))),(struct sMethod*)come_increment_ref_count(method_87))));
      |          ^                ~~~~~~~~~~~~~~~~~~~~~~~~~~~~~~~~~~~~~~~~~~~~~~~~~~~~~~~~~~~~~~~~~~~~~~~~~~~~~~~~~~~~~~~~~~~~~~~~~~~~~~~~~~~~~~~~~~~~~~~~~~~~~~~~~~~~~~~~~~~~~~~~~~~~~~~~~~~~~~~~~~~~~~~~~~~~~~~~~~~~~~~~~~~~~~~~~~~~~~~~~~~~~~~~~~~~~~~
21 warnings generated.
