03method.c.c:86:11: warning: duplicate 'short' declaration specifier [-Wduplicate-decl-specifier]
   86 |     short short* p;
      |           ^~~~~
03method.c.c:946:63: warning: duplicate 'short' declaration specifier [-Wduplicate-decl-specifier]
  946 | struct buffer* buffer_append_short(struct buffer* self, short short value);
      |                                                               ^~~~~
03method.c.c:976:26: warning: duplicate 'short' declaration specifier [-Wduplicate-decl-specifier]
  976 | _Bool short_equals(short short self, short short right);
      |                          ^~~~~
03method.c.c:976:44: warning: duplicate 'short' declaration specifier [-Wduplicate-decl-specifier]
  976 | _Bool short_equals(short short self, short short right);
      |                                            ^~~~~
03method.c.c:1010:39: warning: duplicate 'short' declaration specifier [-Wduplicate-decl-specifier]
 1010 | unsigned int short_get_hash_key(short short value);
      |                                       ^~~~~
03method.c.c:1030:29: warning: duplicate 'short' declaration specifier [-Wduplicate-decl-specifier]
 1030 | short int short_clone(short short self);
      |                             ^~~~~
03method.c.c:1106:29: warning: duplicate 'short' declaration specifier [-Wduplicate-decl-specifier]
 1106 | char* short_to_string(short short self);
      |                             ^~~~~
03method.c.c:1126:25: warning: duplicate 'short' declaration specifier [-Wduplicate-decl-specifier]
 1126 | int short_compare(short short left, short short right);
      |                         ^~~~~
03method.c.c:1126:43: warning: duplicate 'short' declaration specifier [-Wduplicate-decl-specifier]
 1126 | int short_compare(short short left, short short right);
      |                                           ^~~~~
03method.c.c:1180:40: warning: duplicate 'short' declaration specifier [-Wduplicate-decl-specifier]
 1180 | struct integer* short_to_integer(short short self);
      |                                        ^~~~~
/usr/local/include/comelang2.h:1957:54: warning: duplicate 'short' declaration specifier [-Wduplicate-decl-specifier]
 1957 | static inline struct buffer* shortpa_to_buffer(short short* self, unsigned long int len){
      |                                                      ^~~~~
/usr/local/include/comelang2.h:1958:53: warning: duplicate 'short' declaration specifier [-Wduplicate-decl-specifier]
 1958 |     buffer_append(result_1,(char*)self,sizeof(short short)*len);
      |                                                     ^~~~~
/usr/local/include/comelang2.h:2023:24: warning: duplicate 'short' declaration specifier [-Wduplicate-decl-specifier]
 2023 |     result_8->p=(short short*)result_8->memory->buf;
      |                        ^~~~~
/usr/local/include/comelang2.h:2213:69: warning: duplicate 'short' declaration specifier [-Wduplicate-decl-specifier]
 2213 | static inline struct smart_pointer$1short* shortpa_to_pointer(short short* self, unsigned long int len){
      |                                                                     ^~~~~
/usr/local/include/comelang2.h:2213:387: warning: duplicate 'short' declaration specifier [-Wduplicate-decl-specifier]
 2213 |     __result16__ = __result_obj__ = ((struct smart_pointer$1short*)(right_value29=smart_pointer$1short_initialize((struct smart_pointer$1short*)come_increment_ref_count(((struct smart_pointer$1short*)(right_value26=(struct smart_pointer$1short*)come_calloc(1, sizeof(struct smart_pointer$1short)*(1), "/usr/local/include/comelang2.h", 2213, "smart_pointer$1short")))),self,sizeof(short short)*len)));
      |                                                                                                                                                                                                                                                                                                                                                                                                   ^~~~~
/usr/local/include/comelang2.h:2265:54: warning: duplicate 'short' declaration specifier [-Wduplicate-decl-specifier]
 2265 | static inline unsigned long int shortpa_length(short short* self, unsigned long int len){
      |                                                      ^~~~~
/usr/local/include/comelang2.h:2054:56: warning: duplicate 'short' declaration specifier [-Wduplicate-decl-specifier]
 2054 |         buffer_append(self->memory,memory,sizeof(short short)*size);
      |                                                        ^~~~~
/usr/local/include/comelang2.h:2056:24: warning: duplicate 'short' declaration specifier [-Wduplicate-decl-specifier]
 2056 |         self->p=(short short*)self->memory->buf;
      |                        ^~~~~
18 warnings generated.
